Level: Debug
Message: Main._createAppUI: 9.838134765625 ms
Source: devtools://devtools/entrypoints/main/main.js
Line: 1
-----------------------
Level: Debug
Message: Main._showAppUI: 50.861083984375 ms
Source: devtools://devtools/entrypoints/main/main.js
Line: 1
-----------------------
Level: Debug
Message: Main._initializeTarget: 4.299072265625 ms
Source: devtools://devtools/entrypoints/main/main.js
Line: 1
-----------------------
Level: Debug
Message: Main._lateInitialization: 0.05078125 ms
Source: devtools://devtools/entrypoints/main/main.js
Line: 1
-----------------------
Level: Debug
Message: Main._createAppUI: 8.90087890625 ms
Source: devtools://devtools/entrypoints/main/main.js
Line: 1
-----------------------
Level: Debug
Message: Main._showAppUI: 40.029052734375 ms
Source: devtools://devtools/entrypoints/main/main.js
Line: 1
-----------------------
Level: Debug
Message: Main._initializeTarget: 3.857177734375 ms
Source: devtools://devtools/entrypoints/main/main.js
Line: 1
-----------------------
Level: Debug
Message: Main._lateInitialization: 0.068115234375 ms
Source: devtools://devtools/entrypoints/main/main.js
Line: 1
-----------------------
Level: Debug
Message: Main._createAppUI: 8.94580078125 ms
Source: devtools://devtools/entrypoints/main/main.js
Line: 1
-----------------------
Level: Debug
Message: Main._showAppUI: 25.195068359375 ms
Source: devtools://devtools/entrypoints/main/main.js
Line: 1
-----------------------
Level: Debug
Message: Main._initializeTarget: 3.858642578125 ms
Source: devtools://devtools/entrypoints/main/main.js
Line: 1
-----------------------
Level: Debug
Message: Main._lateInitialization: 0.041015625 ms
Source: devtools://devtools/entrypoints/main/main.js
Line: 1
-----------------------
